2024-12-12 10:49:55 [main] INFO  com.example.be.BeApplication - Starting BeApplication using Java 17.0.11 with PID 10032 (C:\Users\Administrator\IdeaProjects\be\target\classes started by Administrator in C:\Users\Administrator\IdeaProjects\be)
2024-12-12 10:49:55 [main] INFO  com.example.be.BeApplication - No active profile set, falling back to 1 default profile: "default"
2024-12-12 10:49:56 [main] INFO  o.s.b.w.e.tomcat.TomcatWebServer - Tomcat initialized with port 8080 (http)
2024-12-12 10:49:56 [main] INFO  o.a.coyote.http11.Http11NioProtocol - Initializing ProtocolHandler ["http-nio-8080"]
2024-12-12 10:49:56 [main] INFO  o.a.catalina.core.StandardService - Starting service [Tomcat]
2024-12-12 10:49:56 [main] INFO  o.a.catalina.core.StandardEngine - Starting Servlet engine: [Apache Tomcat/10.1.33]
2024-12-12 10:49:56 [main] INFO  o.a.c.c.C.[Tomcat].[localhost].[/] - Initializing Spring embedded WebApplicationContext
2024-12-12 10:49:56 [main] INFO  o.s.b.w.s.c.ServletWebServerApplicationContext - Root WebApplicationContext: initialization completed in 925 ms
2024-12-12 10:49:56 [main] INFO  com.example.be.service.TicketPool - TicketPool initialized with max capacity of 1000 tickets.
2024-12-12 10:49:56 [main] INFO  com.example.be.service.LogService - LogService initialized with default logs.
2024-12-12 10:49:56 [main] INFO  o.a.coyote.http11.Http11NioProtocol - Starting ProtocolHandler ["http-nio-8080"]
2024-12-12 10:49:56 [main] INFO  o.s.b.w.e.tomcat.TomcatWebServer - Tomcat started on port 8080 (http) with context path '/'
2024-12-12 10:49:56 [main] INFO  com.example.be.BeApplication - Started BeApplication in 1.873 seconds (process running for 2.648)
2024-12-12 10:50:00 [http-nio-8080-exec-4] INFO  o.a.c.c.C.[Tomcat].[localhost].[/] - Initializing Spring DispatcherServlet 'dispatcherServlet'
2024-12-12 10:50:00 [http-nio-8080-exec-4] INFO  o.s.web.servlet.DispatcherServlet - Initializing Servlet 'dispatcherServlet'
2024-12-12 10:50:00 [http-nio-8080-exec-4] INFO  o.s.web.servlet.DispatcherServlet - Completed initialization in 2 ms
2024-12-12 10:50:00 [http-nio-8080-exec-4] INFO  com.example.be.service.TicketPool - Current ticket count: 0.
2024-12-12 10:50:00 [http-nio-8080-exec-2] INFO  com.example.be.service.LogService - Fetching logs: [Vendor added 10 tickets, Customer purchased 5 tickets]
2024-12-12 10:50:01 [http-nio-8080-exec-1] INFO  com.example.be.service.TicketPool - Current ticket count: 0.
2024-12-12 10:50:01 [http-nio-8080-exec-1] INFO  com.example.be.service.LogService - Fetching logs: [Vendor added 10 tickets, Customer purchased 5 tickets]
2024-12-12 10:50:02 [http-nio-8080-exec-5] INFO  com.example.be.service.TicketPool - Current ticket count: 0.
2024-12-12 10:50:02 [http-nio-8080-exec-6] INFO  com.example.be.service.LogService - Fetching logs: [Vendor added 10 tickets, Customer purchased 5 tickets]
2024-12-12 10:50:03 [http-nio-8080-exec-7] INFO  com.example.be.service.TicketPool - Current ticket count: 0.
2024-12-12 10:50:03 [http-nio-8080-exec-9] INFO  com.example.be.service.LogService - Fetching logs: [Vendor added 10 tickets, Customer purchased 5 tickets]
2024-12-12 10:50:04 [http-nio-8080-exec-10] INFO  com.example.be.service.TicketPool - Current ticket count: 0.
2024-12-12 10:50:04 [http-nio-8080-exec-10] INFO  com.example.be.service.LogService - Fetching logs: [Vendor added 10 tickets, Customer purchased 5 tickets]
2024-12-12 10:50:05 [http-nio-8080-exec-4] INFO  com.example.be.service.TicketPool - Current ticket count: 0.
2024-12-12 10:50:05 [http-nio-8080-exec-2] INFO  com.example.be.service.LogService - Fetching logs: [Vendor added 10 tickets, Customer purchased 5 tickets]
2024-12-12 10:50:06 [http-nio-8080-exec-1] INFO  com.example.be.service.TicketPool - Current ticket count: 0.
2024-12-12 10:50:06 [http-nio-8080-exec-3] INFO  com.example.be.service.LogService - Fetching logs: [Vendor added 10 tickets, Customer purchased 5 tickets]
