2024-12-12 04:52:08 [main] INFO  com.example.be.BeApplication - Starting BeApplication using Java 17.0.11 with PID 9856 (C:\Users\Administrator\IdeaProjects\be\target\classes started by Administrator in C:\Users\Administrator\IdeaProjects\be)
2024-12-12 04:52:08 [main] INFO  com.example.be.BeApplication - No active profile set, falling back to 1 default profile: "default"
2024-12-12 04:52:08 [main] INFO  o.s.b.w.e.tomcat.TomcatWebServer - Tomcat initialized with port 8080 (http)
2024-12-12 04:52:09 [main] INFO  o.a.coyote.http11.Http11NioProtocol - Initializing ProtocolHandler ["http-nio-8080"]
2024-12-12 04:52:09 [main] INFO  o.a.catalina.core.StandardService - Starting service [Tomcat]
2024-12-12 04:52:09 [main] INFO  o.a.catalina.core.StandardEngine - Starting Servlet engine: [Apache Tomcat/10.1.33]
2024-12-12 04:52:09 [main] INFO  o.a.c.c.C.[Tomcat].[localhost].[/] - Initializing Spring embedded WebApplicationContext
2024-12-12 04:52:09 [main] INFO  o.s.b.w.s.c.ServletWebServerApplicationContext - Root WebApplicationContext: initialization completed in 902 ms
2024-12-12 04:52:09 [main] INFO  com.example.be.service.TicketPool - TicketPool initialized with max capacity of 1000 tickets.
2024-12-12 04:52:09 [main] INFO  com.example.be.service.LogService - LogService initialized with default logs.
2024-12-12 04:52:09 [main] INFO  o.a.coyote.http11.Http11NioProtocol - Starting ProtocolHandler ["http-nio-8080"]
2024-12-12 04:52:09 [main] INFO  o.s.b.w.e.tomcat.TomcatWebServer - Tomcat started on port 8080 (http) with context path '/'
2024-12-12 04:52:09 [main] INFO  com.example.be.BeApplication - Started BeApplication in 1.737 seconds (process running for 2.357)
2024-12-12 04:52:09 [http-nio-8080-exec-1] INFO  o.a.c.c.C.[Tomcat].[localhost].[/] - Initializing Spring DispatcherServlet 'dispatcherServlet'
2024-12-12 04:52:09 [http-nio-8080-exec-1] INFO  o.s.web.servlet.DispatcherServlet - Initializing Servlet 'dispatcherServlet'
2024-12-12 04:52:09 [http-nio-8080-exec-1] INFO  o.s.web.servlet.DispatcherServlet - Completed initialization in 0 ms
2024-12-12 04:53:50 [SpringApplicationShutdownHook] INFO  o.s.b.w.e.tomcat.GracefulShutdown - Commencing graceful shutdown. Waiting for active requests to complete
2024-12-12 04:53:50 [tomcat-shutdown] INFO  o.s.b.w.e.tomcat.GracefulShutdown - Graceful shutdown complete
2024-12-12 04:53:53 [main] INFO  com.example.be.BeApplication - Starting BeApplication using Java 17.0.11 with PID 13368 (C:\Users\Administrator\IdeaProjects\be\target\classes started by Administrator in C:\Users\Administrator\IdeaProjects\be)
2024-12-12 04:53:53 [main] INFO  com.example.be.BeApplication - No active profile set, falling back to 1 default profile: "default"
2024-12-12 04:53:54 [main] INFO  o.s.b.w.e.tomcat.TomcatWebServer - Tomcat initialized with port 8080 (http)
2024-12-12 04:53:54 [main] INFO  o.a.coyote.http11.Http11NioProtocol - Initializing ProtocolHandler ["http-nio-8080"]
2024-12-12 04:53:54 [main] INFO  o.a.catalina.core.StandardService - Starting service [Tomcat]
2024-12-12 04:53:54 [main] INFO  o.a.catalina.core.StandardEngine - Starting Servlet engine: [Apache Tomcat/10.1.33]
2024-12-12 04:53:54 [main] INFO  o.a.c.c.C.[Tomcat].[localhost].[/] - Initializing Spring embedded WebApplicationContext
2024-12-12 04:53:54 [main] INFO  o.s.b.w.s.c.ServletWebServerApplicationContext - Root WebApplicationContext: initialization completed in 867 ms
2024-12-12 04:53:54 [main] INFO  com.example.be.service.TicketPool - TicketPool initialized with max capacity of 1000 tickets.
2024-12-12 04:53:54 [main] INFO  com.example.be.service.LogService - LogService initialized with default logs.
2024-12-12 04:53:54 [main] INFO  o.a.coyote.http11.Http11NioProtocol - Starting ProtocolHandler ["http-nio-8080"]
2024-12-12 04:53:54 [main] INFO  o.s.b.w.e.tomcat.TomcatWebServer - Tomcat started on port 8080 (http) with context path '/'
2024-12-12 04:53:54 [main] INFO  com.example.be.BeApplication - Started BeApplication in 1.695 seconds (process running for 2.444)
2024-12-12 04:54:14 [http-nio-8080-exec-2] INFO  o.a.c.c.C.[Tomcat].[localhost].[/] - Initializing Spring DispatcherServlet 'dispatcherServlet'
2024-12-12 04:54:14 [http-nio-8080-exec-2] INFO  o.s.web.servlet.DispatcherServlet - Initializing Servlet 'dispatcherServlet'
2024-12-12 04:54:14 [http-nio-8080-exec-2] INFO  o.s.web.servlet.DispatcherServlet - Completed initialization in 1 ms
2024-12-12 04:54:42 [SpringApplicationShutdownHook] INFO  o.s.b.w.e.tomcat.GracefulShutdown - Commencing graceful shutdown. Waiting for active requests to complete
2024-12-12 04:54:42 [tomcat-shutdown] INFO  o.s.b.w.e.tomcat.GracefulShutdown - Graceful shutdown complete
2024-12-12 04:54:45 [main] INFO  com.example.be.BeApplication - Starting BeApplication using Java 17.0.11 with PID 9936 (C:\Users\Administrator\IdeaProjects\be\target\classes started by Administrator in C:\Users\Administrator\IdeaProjects\be)
2024-12-12 04:54:45 [main] INFO  com.example.be.BeApplication - No active profile set, falling back to 1 default profile: "default"
2024-12-12 04:54:46 [main] INFO  o.s.b.w.e.tomcat.TomcatWebServer - Tomcat initialized with port 8080 (http)
2024-12-12 04:54:46 [main] INFO  o.a.coyote.http11.Http11NioProtocol - Initializing ProtocolHandler ["http-nio-8080"]
2024-12-12 04:54:46 [main] INFO  o.a.catalina.core.StandardService - Starting service [Tomcat]
2024-12-12 04:54:46 [main] INFO  o.a.catalina.core.StandardEngine - Starting Servlet engine: [Apache Tomcat/10.1.33]
2024-12-12 04:54:46 [main] INFO  o.a.c.c.C.[Tomcat].[localhost].[/] - Initializing Spring embedded WebApplicationContext
2024-12-12 04:54:46 [main] INFO  o.s.b.w.s.c.ServletWebServerApplicationContext - Root WebApplicationContext: initialization completed in 920 ms
2024-12-12 04:54:46 [main] INFO  com.example.be.service.TicketPool - TicketPool initialized with max capacity of 1000 tickets.
2024-12-12 04:54:46 [main] INFO  com.example.be.service.LogService - LogService initialized with default logs.
2024-12-12 04:54:46 [main] INFO  o.a.coyote.http11.Http11NioProtocol - Starting ProtocolHandler ["http-nio-8080"]
2024-12-12 04:54:46 [main] INFO  o.s.b.w.e.tomcat.TomcatWebServer - Tomcat started on port 8080 (http) with context path '/'
2024-12-12 04:54:46 [main] INFO  com.example.be.BeApplication - Started BeApplication in 1.956 seconds (process running for 2.565)
2024-12-12 04:55:14 [http-nio-8080-exec-3] INFO  o.a.c.c.C.[Tomcat].[localhost].[/] - Initializing Spring DispatcherServlet 'dispatcherServlet'
2024-12-12 04:55:14 [http-nio-8080-exec-3] INFO  o.s.web.servlet.DispatcherServlet - Initializing Servlet 'dispatcherServlet'
2024-12-12 04:55:14 [http-nio-8080-exec-3] INFO  o.s.web.servlet.DispatcherServlet - Completed initialization in 1 ms
2024-12-12 04:55:42 [SpringApplicationShutdownHook] INFO  o.s.b.w.e.tomcat.GracefulShutdown - Commencing graceful shutdown. Waiting for active requests to complete
2024-12-12 04:55:43 [tomcat-shutdown] INFO  o.s.b.w.e.tomcat.GracefulShutdown - Graceful shutdown complete
2024-12-12 04:55:45 [main] INFO  com.example.be.BeApplication - Starting BeApplication using Java 17.0.11 with PID 11552 (C:\Users\Administrator\IdeaProjects\be\target\classes started by Administrator in C:\Users\Administrator\IdeaProjects\be)
2024-12-12 04:55:45 [main] INFO  com.example.be.BeApplication - No active profile set, falling back to 1 default profile: "default"
2024-12-12 04:55:46 [main] INFO  o.s.b.w.e.tomcat.TomcatWebServer - Tomcat initialized with port 8080 (http)
2024-12-12 04:55:46 [main] INFO  o.a.coyote.http11.Http11NioProtocol - Initializing ProtocolHandler ["http-nio-8080"]
2024-12-12 04:55:46 [main] INFO  o.a.catalina.core.StandardService - Starting service [Tomcat]
2024-12-12 04:55:46 [main] INFO  o.a.catalina.core.StandardEngine - Starting Servlet engine: [Apache Tomcat/10.1.33]
2024-12-12 04:55:46 [main] INFO  o.a.c.c.C.[Tomcat].[localhost].[/] - Initializing Spring embedded WebApplicationContext
2024-12-12 04:55:46 [main] INFO  o.s.b.w.s.c.ServletWebServerApplicationContext - Root WebApplicationContext: initialization completed in 829 ms
2024-12-12 04:55:46 [main] INFO  com.example.be.service.TicketPool - TicketPool initialized with max capacity of 1000 tickets.
2024-12-12 04:55:46 [main] INFO  com.example.be.service.LogService - LogService initialized with default logs.
2024-12-12 04:55:47 [main] INFO  o.a.coyote.http11.Http11NioProtocol - Starting ProtocolHandler ["http-nio-8080"]
2024-12-12 04:55:47 [main] INFO  o.s.b.w.e.tomcat.TomcatWebServer - Tomcat started on port 8080 (http) with context path '/'
2024-12-12 04:55:47 [main] INFO  com.example.be.BeApplication - Started BeApplication in 1.624 seconds (process running for 2.21)
2024-12-12 04:56:14 [http-nio-8080-exec-2] INFO  o.a.c.c.C.[Tomcat].[localhost].[/] - Initializing Spring DispatcherServlet 'dispatcherServlet'
2024-12-12 04:56:14 [http-nio-8080-exec-2] INFO  o.s.web.servlet.DispatcherServlet - Initializing Servlet 'dispatcherServlet'
2024-12-12 04:56:14 [http-nio-8080-exec-2] INFO  o.s.web.servlet.DispatcherServlet - Completed initialization in 0 ms
2024-12-12 04:57:18 [SpringApplicationShutdownHook] INFO  o.s.b.w.e.tomcat.GracefulShutdown - Commencing graceful shutdown. Waiting for active requests to complete
2024-12-12 04:57:18 [tomcat-shutdown] INFO  o.s.b.w.e.tomcat.GracefulShutdown - Graceful shutdown complete
2024-12-12 04:57:20 [main] INFO  com.example.be.BeApplication - Starting BeApplication using Java 17.0.11 with PID 7132 (C:\Users\Administrator\IdeaProjects\be\target\classes started by Administrator in C:\Users\Administrator\IdeaProjects\be)
2024-12-12 04:57:20 [main] INFO  com.example.be.BeApplication - No active profile set, falling back to 1 default profile: "default"
2024-12-12 04:57:21 [main] INFO  o.s.b.w.e.tomcat.TomcatWebServer - Tomcat initialized with port 8080 (http)
2024-12-12 04:57:21 [main] INFO  o.a.coyote.http11.Http11NioProtocol - Initializing ProtocolHandler ["http-nio-8080"]
2024-12-12 04:57:21 [main] INFO  o.a.catalina.core.StandardService - Starting service [Tomcat]
2024-12-12 04:57:21 [main] INFO  o.a.catalina.core.StandardEngine - Starting Servlet engine: [Apache Tomcat/10.1.33]
2024-12-12 04:57:21 [main] INFO  o.a.c.c.C.[Tomcat].[localhost].[/] - Initializing Spring embedded WebApplicationContext
2024-12-12 04:57:21 [main] INFO  o.s.b.w.s.c.ServletWebServerApplicationContext - Root WebApplicationContext: initialization completed in 790 ms
2024-12-12 04:57:21 [main] INFO  com.example.be.service.TicketPool - TicketPool initialized with max capacity of 1000 tickets.
2024-12-12 04:57:21 [main] INFO  com.example.be.service.LogService - LogService initialized with default logs.
2024-12-12 04:57:21 [main] INFO  o.a.coyote.http11.Http11NioProtocol - Starting ProtocolHandler ["http-nio-8080"]
2024-12-12 04:57:21 [main] INFO  o.s.b.w.e.tomcat.TomcatWebServer - Tomcat started on port 8080 (http) with context path '/'
2024-12-12 04:57:21 [main] INFO  com.example.be.BeApplication - Started BeApplication in 1.568 seconds (process running for 2.152)
2024-12-12 04:58:14 [http-nio-8080-exec-2] INFO  o.a.c.c.C.[Tomcat].[localhost].[/] - Initializing Spring DispatcherServlet 'dispatcherServlet'
2024-12-12 04:58:14 [http-nio-8080-exec-2] INFO  o.s.web.servlet.DispatcherServlet - Initializing Servlet 'dispatcherServlet'
2024-12-12 04:58:14 [http-nio-8080-exec-2] INFO  o.s.web.servlet.DispatcherServlet - Completed initialization in 2 ms
2024-12-12 04:58:47 [SpringApplicationShutdownHook] INFO  o.s.b.w.e.tomcat.GracefulShutdown - Commencing graceful shutdown. Waiting for active requests to complete
2024-12-12 04:58:48 [tomcat-shutdown] INFO  o.s.b.w.e.tomcat.GracefulShutdown - Graceful shutdown complete
2024-12-12 05:01:16 [main] INFO  com.example.be.BeApplication - Starting BeApplication using Java 17.0.11 with PID 5524 (C:\Users\Administrator\IdeaProjects\be\target\classes started by Administrator in C:\Users\Administrator\IdeaProjects\be)
2024-12-12 05:01:16 [main] INFO  com.example.be.BeApplication - No active profile set, falling back to 1 default profile: "default"
2024-12-12 05:01:17 [main] INFO  o.s.b.w.e.tomcat.TomcatWebServer - Tomcat initialized with port 8080 (http)
2024-12-12 05:01:17 [main] INFO  o.a.coyote.http11.Http11NioProtocol - Initializing ProtocolHandler ["http-nio-8080"]
2024-12-12 05:01:17 [main] INFO  o.a.catalina.core.StandardService - Starting service [Tomcat]
2024-12-12 05:01:17 [main] INFO  o.a.catalina.core.StandardEngine - Starting Servlet engine: [Apache Tomcat/10.1.33]
2024-12-12 05:01:17 [main] INFO  o.a.c.c.C.[Tomcat].[localhost].[/] - Initializing Spring embedded WebApplicationContext
2024-12-12 05:01:17 [main] INFO  o.s.b.w.s.c.ServletWebServerApplicationContext - Root WebApplicationContext: initialization completed in 820 ms
2024-12-12 05:01:17 [main] INFO  com.example.be.service.TicketPool - TicketPool initialized with max capacity of 1000 tickets.
2024-12-12 05:01:17 [main] INFO  com.example.be.service.LogService - LogService initialized with default logs.
2024-12-12 05:01:17 [main] INFO  o.a.coyote.http11.Http11NioProtocol - Starting ProtocolHandler ["http-nio-8080"]
2024-12-12 05:01:17 [main] INFO  o.s.b.w.e.tomcat.TomcatWebServer - Tomcat started on port 8080 (http) with context path '/'
2024-12-12 05:01:17 [main] INFO  com.example.be.BeApplication - Started BeApplication in 1.595 seconds (process running for 2.166)
2024-12-12 05:01:28 [http-nio-8080-exec-3] INFO  o.a.c.c.C.[Tomcat].[localhost].[/] - Initializing Spring DispatcherServlet 'dispatcherServlet'
2024-12-12 05:01:28 [http-nio-8080-exec-3] INFO  o.s.web.servlet.DispatcherServlet - Initializing Servlet 'dispatcherServlet'
2024-12-12 05:01:28 [http-nio-8080-exec-3] INFO  o.s.web.servlet.DispatcherServlet - Completed initialization in 1 ms
2024-12-12 05:01:28 [http-nio-8080-exec-3] INFO  com.example.be.service.LogService - Fetching logs: [Vendor added 10 tickets, Customer purchased 5 tickets, System error: Ticket service failed]
2024-12-12 05:01:57 [SpringApplicationShutdownHook] INFO  o.s.b.w.e.tomcat.GracefulShutdown - Commencing graceful shutdown. Waiting for active requests to complete
2024-12-12 05:01:57 [tomcat-shutdown] INFO  o.s.b.w.e.tomcat.GracefulShutdown - Graceful shutdown complete
